<?xml version="1.0" encoding="UTF-8"?>
<!-- Generated by org.testng.reporters.JUnitReportReporter -->
<testsuite hostname="MSI" failures="0" tests="1" name="test.Stest" time="24.806" errors="0" timestamp="2023-07-10T00:10:17 IST" skipped="0">
  <testcase classname="test.Stest" name="testing" time="24.806"/>
</testsuite> <!-- test.Stest -->
