<?xml version="1.0" encoding="UTF-8"?>
<!-- Generated by org.testng.reporters.JUnitReportReporter -->
<testsuite hostname="MSI" failures="0" tests="1" name="test.Gtest" time="34.690" errors="0" timestamp="2023-07-25T15:19:14 IST" skipped="0">
  <testcase classname="test.Gtest" name="testing" time="34.690"/>
</testsuite> <!-- test.Gtest -->
